<?xml version="1.0" encoding="UTF-8"?>
<!-- Generated by org.testng.reporters.JUnitXMLReporter -->
<testsuite hostname="IT-A7610" name="Default test" tests="6" failures="0" timestamp="31 Aug 2016 10:17:23 GMT" time="0.379" errors="0">
  <testcase name="homePage" time="0.0" classname="taobao_tfs.TaobaoCart">
    <skipped/>
  </testcase> <!-- homePage -->
  <testcase name="search" time="0.0" classname="taobao_tfs.TaobaoCart">
    <skipped/>
  </testcase> <!-- search -->
  <testcase name="filter" time="0.0" classname="taobao_tfs.TaobaoCart">
    <skipped/>
  </testcase> <!-- filter -->
  <testcase name="chooseItem" time="0.0" classname="taobao_tfs.TaobaoCart">
    <skipped/>
  </testcase> <!-- chooseItem -->
  <testcase name="newWindows" time="0.0" classname="taobao_tfs.TaobaoCart">
    <skipped/>
  </testcase> <!-- newWindows -->
  <testcase name="login" time="0.0" classname="taobao_tfs.TaobaoCart">
    <skipped/>
  </testcase> <!-- login -->
</testsuite> <!-- Default test -->
