<?xml version="1.0" encoding="UTF-8"?>
<!-- Generated by org.testng.reporters.JUnitXMLReporter -->
<testsuite hostname="IT-A7610" name="test1" tests="6" failures="0" timestamp="7 Sep 2016 05:06:04 GMT" time="101.963" errors="0">
  <testcase name="homePage" time="15.812" classname="taobao_tfs.TaobaoCart"/>
  <testcase name="search" time="9.123" classname="taobao_tfs.TaobaoCart"/>
  <testcase name="filter" time="13.14" classname="taobao_tfs.TaobaoCart"/>
  <testcase name="chooseItem" time="0.872" classname="taobao_tfs.TaobaoCart"/>
  <testcase name="newWindows" time="9.298" classname="taobao_tfs.TaobaoCart"/>
  <testcase name="login" time="23.126" classname="taobao_tfs.TaobaoCart"/>
</testsuite> <!-- test1 -->
