<?xml version="1.0" encoding="UTF-8"?>
<!-- Generated by org.testng.reporters.JUnitXMLReporter -->
<testsuite hostname="IT-A7610" name="test1" tests="6" failures="0" timestamp="31 Aug 2016 10:21:20 GMT" time="91.278" errors="0">
  <testcase name="homePage" time="11.564" classname="taobao_tfs.TaobaoCart"/>
  <testcase name="search" time="8.33" classname="taobao_tfs.TaobaoCart"/>
  <testcase name="filter" time="13.601" classname="taobao_tfs.TaobaoCart"/>
  <testcase name="chooseItem" time="0.809" classname="taobao_tfs.TaobaoCart"/>
  <testcase name="newWindows" time="5.391" classname="taobao_tfs.TaobaoCart"/>
  <testcase name="login" time="20.775" classname="taobao_tfs.TaobaoCart"/>
</testsuite> <!-- test1 -->
