<?xml version="1.0" encoding="UTF-8"?>
<testng-results skipped="0" failed="0" total="2" passed="2">
  <reporter-output>
  </reporter-output>
  <suite name="Default suite" duration-ms="7832" started-at="2016-12-16T10:11:02Z" finished-at="2016-12-16T10:11:10Z">
    <groups>
    </groups>
    <test name="register" duration-ms="7832" started-at="2016-12-16T10:11:02Z" finished-at="2016-12-16T10:11:10Z">
      <class name="tfs_test_login.Register">
        <test-method status="PASS" signature="login(java.lang.String, java.lang.String, java.lang.String, java.lang.String)[pri:0, instance:tfs_test_login.Register@1708eee]" name="login" duration-ms="7750" started-at="2016-12-16T18:11:02Z" finished-at="2016-12-16T18:11:10Z">
          <params>
            <param index="0">
              <value>
                <![CDATA[XS002]]>
              </value>
            </param>
            <param index="1">
              <value>
                <![CDATA[a123456]]>
              </value>
            </param>
            <param index="2">
              <value>
                <![CDATA[http://172.16.201.28:8080/security-server/login/show.htm]]>
              </value>
            </param>
            <param index="3">
              <value>
                <![CDATA[http://www.beforeloan.tfs.com/TFS.PreLoan.Web/Report/CreditSumReportIndex]]>
              </value>
            </param>
          </params>
          <reporter-output>
          </reporter-output>
        </test-method> <!-- login -->
        <test-method status="PASS" signature="register()[pri:0, instance:tfs_test_login.Register@1708eee]" name="register" duration-ms="72" started-at="2016-12-16T18:11:10Z" depends-on-methods="tfs_test_login.Register.login" finished-at="2016-12-16T18:11:10Z">
          <reporter-output>
          </reporter-output>
        </test-method> <!-- register -->
      </class> <!-- tfs_test_login.Register -->
    </test> <!-- register -->
  </suite> <!-- Default suite -->
</testng-results>
