<?xml version="1.0" encoding="UTF-8"?>
<!-- Generated by org.testng.reporters.JUnitXMLReporter -->
<testsuite hostname="IT-A7610" name="Default test" tests="2" failures="0" timestamp="16 Dec 2016 10:10:51 GMT" time="0.015" errors="0">
  <testcase name="login" time="0.0" classname="tfs_test_login.Register">
    <skipped/>
  </testcase> <!-- login -->
  <testcase name="register" time="0.0" classname="tfs_test_login.Register">
    <skipped/>
  </testcase> <!-- register -->
</testsuite> <!-- Default test -->
