<?xml version="1.0" encoding="UTF-8"?>
<!-- Generated by org.testng.reporters.JUnitXMLReporter -->
<testsuite hostname="IT-A7610" name="login" tests="1" failures="1" timestamp="16 Dec 2016 07:46:33 GMT" time="0.02" errors="0">
  <testcase name="f" time="0.009" classname="tfs_test_login.tfs_login">
    <failure type="java.lang.Error" message="Unresolved compilation problem: 
	Syntax error on token &amp;quot;;&amp;quot;, , expected
">
      <![CDATA[java.lang.Error: Unresolved compilation problem: 
	Syntax error on token ";", , expected

	at tfs_Web_Page.HomePageWebElement.<init>(HomePageWebElement.java:13)
	at tfs_test_login.tfs_login.f(tfs_login.java:22)
... Removed 24 stack frames]]>
    </failure>
  </testcase> <!-- f -->
</testsuite> <!-- login -->
