<?xml version="1.0" encoding="UTF-8"?>
<testng-results skipped="0" failed="0" total="1" passed="1">
  <reporter-output>
  </reporter-output>
  <suite name="Default suite" duration-ms="6321" started-at="2016-08-25T09:15:30Z" finished-at="2016-08-25T09:15:36Z">
    <groups>
    </groups>
    <test name="Default test" duration-ms="6321" started-at="2016-08-25T09:15:30Z" finished-at="2016-08-25T09:15:36Z">
      <class name="com.tfs.send_email.SendEmail">
        <test-method status="PASS" signature="f()[pri:0, instance:com.tfs.send_email.SendEmail@15a0bbc]" name="f" duration-ms="6307" started-at="2016-08-25T17:15:30Z" finished-at="2016-08-25T17:15:36Z">
          <reporter-output>
          </reporter-output>
        </test-method> <!-- f -->
      </class> <!-- com.tfs.send_email.SendEmail -->
    </test> <!-- Default test -->
  </suite> <!-- Default suite -->
</testng-results>
