<?xml version="1.0" encoding="UTF-8"?>
<!-- Generated by org.testng.reporters.JUnitXMLReporter -->
<testsuite hostname="IT-A7610" name="ApplicationAssign" tests="4" failures="0" timestamp="22 Sep 2016 06:15:48 GMT" time="40.794" errors="0">
  <testcase name="login" time="4.062" classname="tfs_package.ApplicationAssign"/>
  <testcase name="menu" time="0.063" classname="tfs_package.ApplicationAssign"/>
  <testcase name="filter" time="15.814" classname="tfs_package.ApplicationAssign"/>
  <testcase name="assign" time="8.396" classname="tfs_package.ApplicationAssign"/>
</testsuite> <!-- ApplicationAssign -->
