<?xml version="1.0" encoding="UTF-8"?>
<!-- Generated by org.testng.reporters.JUnitXMLReporter -->
<testsuite hostname="IT-A7610" name="ApplicationAssign" tests="3" failures="0" timestamp="12 Sep 2016 09:47:16 GMT" time="29.593" errors="0">
  <testcase name="login" time="4.344" classname="tfs_package.ApplicationAssign"/>
  <testcase name="menu" time="0.081" classname="tfs_package.ApplicationAssign"/>
  <testcase name="filter" time="15.875" classname="tfs_package.ApplicationAssign"/>
</testsuite> <!-- ApplicationAssign -->
