<?xml version="1.0" encoding="UTF-8"?>
<!-- Generated by org.testng.reporters.JUnitXMLReporter -->
<testsuite hostname="IT-A7610" name="CustomerInformation" tests="4" failures="0" timestamp="22 Sep 2016 09:41:29 GMT" time="66.67" errors="0">
  <testcase name="login" time="5.228" classname="tfs_package.CustomerInformation"/>
  <testcase name="menu" time="0.046" classname="tfs_package.CustomerInformation"/>
  <testcase name="filter" time="25.095" classname="tfs_package.CustomerInformation"/>
  <testcase name="FillInInformation" time="23.714" classname="tfs_package.CustomerInformation"/>
</testsuite> <!-- CustomerInformation -->
