<?xml version="1.0" encoding="UTF-8"?>
<!-- Generated by org.testng.reporters.JUnitXMLReporter -->
<testsuite hostname="IT-A7610" name="CustomerInformation" tests="7" failures="0" timestamp="9 Oct 2016 02:26:46 GMT" time="130.556" errors="0">
  <testcase name="login" time="4.151" classname="tfs_package.CustomerInformation"/>
  <testcase name="menu" time="0.063" classname="tfs_package.CustomerInformation"/>
  <testcase name="filter4BaseInformation" time="25.033" classname="tfs_package.CustomerInformation"/>
  <testcase name="fillInInformation" time="19.861" classname="tfs_package.CustomerInformation"/>
  <testcase name="menu2" time="0.042" classname="tfs_package.CustomerInformation"/>
  <testcase name="filter4Image" time="25.061" classname="tfs_package.CustomerInformation"/>
  <testcase name="uploadImage" time="34.531" classname="tfs_package.CustomerInformation"/>
</testsuite> <!-- CustomerInformation -->
