<?xml version="1.0" encoding="UTF-8"?>
<!-- Generated by org.testng.reporters.JUnitXMLReporter -->
<testsuite hostname="IT-A7610" name="Default test" tests="7" failures="0" timestamp="8 Oct 2016 06:49:14 GMT" time="0.385" errors="0">
  <testcase name="login" time="0.0" classname="tfs_package.CustomerInformation">
    <skipped/>
  </testcase> <!-- login -->
  <testcase name="menu" time="0.0" classname="tfs_package.CustomerInformation">
    <skipped/>
  </testcase> <!-- menu -->
  <testcase name="filter" time="0.0" classname="tfs_package.CustomerInformation">
    <skipped/>
  </testcase> <!-- filter -->
  <testcase name="fillInInformation" time="0.0" classname="tfs_package.CustomerInformation">
    <skipped/>
  </testcase> <!-- fillInInformation -->
  <testcase name="menu2" time="0.0" classname="tfs_package.CustomerInformation">
    <skipped/>
  </testcase> <!-- menu2 -->
  <testcase name="filter2" time="0.0" classname="tfs_package.CustomerInformation">
    <skipped/>
  </testcase> <!-- filter2 -->
  <testcase name="uploadImage" time="0.0" classname="tfs_package.CustomerInformation">
    <skipped/>
  </testcase> <!-- uploadImage -->
</testsuite> <!-- Default test -->
