<?xml version="1.0" encoding="UTF-8"?>
<!-- Generated by org.testng.reporters.JUnitXMLReporter -->
<testsuite hostname="IT-A7610" name="Default test" tests="4" failures="0" timestamp="22 Sep 2016 06:48:05 GMT" time="0.245" errors="0">
  <testcase name="login" time="0.0" classname="tfs_package.CustomerInformation">
    <skipped/>
  </testcase> <!-- login -->
  <testcase name="menu" time="0.0" classname="tfs_package.CustomerInformation">
    <skipped/>
  </testcase> <!-- menu -->
  <testcase name="filter" time="0.0" classname="tfs_package.CustomerInformation">
    <skipped/>
  </testcase> <!-- filter -->
  <testcase name="FillInInformation" time="0.0" classname="tfs_package.CustomerInformation">
    <skipped/>
  </testcase> <!-- FillInInformation -->
</testsuite> <!-- Default test -->
