<?xml version="1.0" encoding="UTF-8"?>
<!-- Generated by org.testng.reporters.JUnitXMLReporter -->
<testsuite hostname="IT-A7610" name="InformationCheckIn" tests="3" failures="0" timestamp="9 Oct 2016 02:27:16 GMT" time="30.229" errors="0">
  <testcase name="login" time="4.204" classname="tfs_package.InformationCheckIn"/>
  <testcase name="menu" time="0.037" classname="tfs_package.InformationCheckIn"/>
  <testcase name="filter4CheckIn" time="25.102" classname="tfs_package.InformationCheckIn"/>
</testsuite> <!-- InformationCheckIn -->
