<?xml version="1.0" encoding="UTF-8"?>
<!-- Generated by org.testng.reporters.JUnitXMLReporter -->
<testsuite hostname="IT-A7610" name="QualityAssurance" tests="4" failures="0" timestamp="9 Oct 2016 07:14:58 GMT" time="43.065" errors="0">
  <testcase name="login" time="4.217" classname="tfs_package.QualityAssurance"/>
  <testcase name="menu" time="0.036" classname="tfs_package.QualityAssurance"/>
  <testcase name="filter4Quality" time="25.06" classname="tfs_package.QualityAssurance"/>
  <testcase name="doQuality" time="11.239" classname="tfs_package.QualityAssurance"/>
</testsuite> <!-- QualityAssurance -->
