<?xml version="1.0" encoding="UTF-8"?>
<!-- Generated by org.testng.reporters.JUnitXMLReporter -->
<testsuite hostname="IT-A7610" name="Register" tests="4" failures="0" timestamp="22 Sep 2016 06:15:07 GMT" time="39.446" errors="0">
  <testcase name="login" time="4.444" classname="tfs_package.Register"/>
  <testcase name="menu" time="0.088" classname="tfs_package.Register"/>
  <testcase name="authentication" time="5.363" classname="tfs_package.Register"/>
  <testcase name="registerDetail" time="17.249" classname="tfs_package.Register"/>
</testsuite> <!-- Register -->
