<?xml version="1.0" encoding="UTF-8"?>
<!-- Generated by org.testng.reporters.JUnitXMLReporter -->
<testsuite hostname="IT-A7610" name="test1" tests="4" failures="0" timestamp="9 Sep 2016 09:57:03 GMT" time="39.418" errors="0">
  <testcase name="login" time="4.45" classname="tfs_package.Register"/>
  <testcase name="menu" time="0.052" classname="tfs_package.Register"/>
  <testcase name="authentication" time="5.653" classname="tfs_package.Register"/>
  <testcase name="registerDetail" time="16.931" classname="tfs_package.Register"/>
</testsuite> <!-- test1 -->
