<?xml version="1.0" encoding="UTF-8"?>
<testng-results skipped="0" failed="0" total="4" passed="4">
  <reporter-output>
  </reporter-output>
  <suite name="Default suite" duration-ms="66670" started-at="2016-09-22T09:40:22Z" finished-at="2016-09-22T09:41:29Z">
    <groups>
    </groups>
    <test name="CustomerInformation" duration-ms="66670" started-at="2016-09-22T09:40:22Z" finished-at="2016-09-22T09:41:29Z">
      <class name="tfs_package.CustomerInformation">
        <test-method status="PASS" signature="beforeMethod()[pri:0, instance:tfs_package.CustomerInformation@1fabad8]" name="beforeMethod" is-config="true" duration-ms="157" started-at="2016-09-22T17:40:22Z" finished-at="2016-09-22T17:40:22Z">
          <reporter-output>
          </reporter-output>
        </test-method> <!-- beforeMethod -->
        <test-method status="PASS" signature="login(java.lang.String, java.lang.String)[pri:0, instance:tfs_package.CustomerInformation@1fabad8]" name="login" duration-ms="5228" started-at="2016-09-22T17:40:22Z" finished-at="2016-09-22T17:40:27Z">
          <params>
            <param index="0">
              <value>
                <![CDATA[XS004]]>
              </value>
            </param>
            <param index="1">
              <value>
                <![CDATA[a123456]]>
              </value>
            </param>
          </params>
          <reporter-output>
          </reporter-output>
        </test-method> <!-- login -->
        <test-method status="PASS" signature="afterMethod()[pri:0, instance:tfs_package.CustomerInformation@1fabad8]" name="afterMethod" is-config="true" duration-ms="3000" started-at="2016-09-22T17:40:27Z" finished-at="2016-09-22T17:40:30Z">
          <reporter-output>
          </reporter-output>
        </test-method> <!-- afterMethod -->
        <test-method status="PASS" signature="beforeMethod()[pri:0, instance:tfs_package.CustomerInformation@1fabad8]" name="beforeMethod" is-config="true" duration-ms="29" started-at="2016-09-22T17:40:30Z" finished-at="2016-09-22T17:40:30Z">
          <reporter-output>
          </reporter-output>
        </test-method> <!-- beforeMethod -->
        <test-method status="PASS" signature="menu(java.lang.String)[pri:0, instance:tfs_package.CustomerInformation@1fabad8]" name="menu" duration-ms="46" started-at="2016-09-22T17:40:30Z" depends-on-methods="tfs_package.CustomerInformation.login" finished-at="2016-09-22T17:40:30Z">
          <params>
            <param index="0">
              <value>
                <![CDATA[借款录入]]>
              </value>
            </param>
          </params>
          <reporter-output>
          </reporter-output>
        </test-method> <!-- menu -->
        <test-method status="PASS" signature="afterMethod()[pri:0, instance:tfs_package.CustomerInformation@1fabad8]" name="afterMethod" is-config="true" duration-ms="3000" started-at="2016-09-22T17:40:30Z" finished-at="2016-09-22T17:40:33Z">
          <reporter-output>
          </reporter-output>
        </test-method> <!-- afterMethod -->
        <test-method status="PASS" signature="beforeMethod()[pri:0, instance:tfs_package.CustomerInformation@1fabad8]" name="beforeMethod" is-config="true" duration-ms="9" started-at="2016-09-22T17:40:33Z" finished-at="2016-09-22T17:40:33Z">
          <reporter-output>
          </reporter-output>
        </test-method> <!-- beforeMethod -->
        <test-method status="PASS" signature="filter(java.lang.String, java.lang.String, java.lang.String, java.lang.String)[pri:0, instance:tfs_package.CustomerInformation@1fabad8]" name="filter" duration-ms="25095" started-at="2016-09-22T17:40:33Z" depends-on-methods="tfs_package.CustomerInformation.menu" finished-at="2016-09-22T17:40:59Z">
          <params>
            <param index="0">
              <value>
                <![CDATA[测试肖六:XS006]]>
              </value>
            </param>
            <param index="1">
              <value>
                <![CDATA[测试肖二:XS002]]>
              </value>
            </param>
            <param index="2">
              <value>
                <![CDATA[林朝玉]]>
              </value>
            </param>
            <param index="3">
              <value>
                <![CDATA[512501196512305186]]>
              </value>
            </param>
          </params>
          <reporter-output>
          </reporter-output>
        </test-method> <!-- filter -->
        <test-method status="PASS" signature="afterMethod()[pri:0, instance:tfs_package.CustomerInformation@1fabad8]" name="afterMethod" is-config="true" duration-ms="3000" started-at="2016-09-22T17:40:59Z" finished-at="2016-09-22T17:41:02Z">
          <reporter-output>
          </reporter-output>
        </test-method> <!-- afterMethod -->
        <test-method status="PASS" signature="beforeMethod()[pri:0, instance:tfs_package.CustomerInformation@1fabad8]" name="beforeMethod" is-config="true" duration-ms="11" started-at="2016-09-22T17:41:02Z" finished-at="2016-09-22T17:41:02Z">
          <reporter-output>
          </reporter-output>
        </test-method> <!-- beforeMethod -->
        <test-method status="PASS" signature="FillInInformation(java.lang.String, java.lang.String, java.lang.String, java.lang.String, java.lang.String, java.lang.String, java.lang.String, java.lang.String, java.lang.String, java.lang.String, java.lang.String, java.lang.String, java.lang.String, java.lang.String, java.lang.String, java.lang.String, java.lang.String, java.lang.String, java.lang.String, java.lang.String, java.lang.String, java.lang.String, java.lang.String, java.lang.String, java.lang.String, java.lang.String, java.lang.String, java.lang.String, java.lang.String, java.lang.String, java.lang.String, java.lang.String, java.lang.String, java.lang.String, java.lang.String, java.lang.String)[pri:0, instance:tfs_package.CustomerInformation@1fabad8]" name="FillInInformation" duration-ms="23714" started-at="2016-09-22T17:41:02Z" depends-on-methods="tfs_package.CustomerInformation.filter" finished-at="2016-09-22T17:41:25Z">
          <params>
            <param index="0">
              <value>
                <![CDATA[电销]]>
              </value>
            </param>
            <param index="1">
              <value>
                <![CDATA[13923558866]]>
              </value>
            </param>
            <param index="2">
              <value>
                <![CDATA[本科]]>
              </value>
            </param>
            <param index="3">
              <value>
                <![CDATA[已婚]]>
              </value>
            </param>
            <param index="4">
              <value>
                <![CDATA[香港]]>
              </value>
            </param>
            <param index="5">
              <value>
                <![CDATA[香港特区]]>
              </value>
            </param>
            <param index="6">
              <value>
                <![CDATA[新界]]>
              </value>
            </param>
            <param index="7">
              <value>
                <![CDATA[新界三村11栋]]>
              </value>
            </param>
            <param index="8">
              <value>
                <![CDATA[无按揭房]]>
              </value>
            </param>
            <param index="9">
              <value>
                <![CDATA[自动测试公司]]>
              </value>
            </param>
            <param index="10">
              <value>
                <![CDATA[软件测试部]]>
              </value>
            </param>
            <param index="11">
              <value>
                <![CDATA[测试工程师]]>
              </value>
            </param>
            <param index="12">
              <value>
                <![CDATA[3000]]>
              </value>
            </param>
            <param index="13">
              <value>
                <![CDATA[5000]]>
              </value>
            </param>
            <param index="14">
              <value>
                <![CDATA[5]]>
              </value>
            </param>
            <param index="15">
              <value>
                <![CDATA[2008]]>
              </value>
            </param>
            <param index="16">
              <value>
                <![CDATA[11]]>
              </value>
            </param>
            <param index="17">
              <value>
                <![CDATA[8845]]>
              </value>
            </param>
            <param index="18">
              <value>
                <![CDATA[4115568]]>
              </value>
            </param>
            <param index="19">
              <value>
                <![CDATA[7752]]>
              </value>
            </param>
            <param index="20">
              <value>
                <![CDATA[事业单位]]>
              </value>
            </param>
            <param index="21">
              <value>
                <![CDATA[正式职工]]>
              </value>
            </param>
            <param index="22">
              <value>
                <![CDATA[金融]]>
              </value>
            </param>
            <param index="23">
              <value>
                <![CDATA[否]]>
              </value>
            </param>
            <param index="24">
              <value>
                <![CDATA[香港]]>
              </value>
            </param>
            <param index="25">
              <value>
                <![CDATA[香港特区]]>
              </value>
            </param>
            <param index="26">
              <value>
                <![CDATA[新界]]>
              </value>
            </param>
            <param index="27">
              <value>
                <![CDATA[新界大厦11号]]>
              </value>
            </param>
            <param index="28">
              <value>
                <![CDATA[王怡]]>
              </value>
            </param>
            <param index="29">
              <value>
                <![CDATA[13699885546]]>
              </value>
            </param>
            <param index="30">
              <value>
                <![CDATA[许倩]]>
              </value>
            </param>
            <param index="31">
              <value>
                <![CDATA[13875416254]]>
              </value>
            </param>
            <param index="32">
              <value>
                <![CDATA[张望]]>
              </value>
            </param>
            <param index="33">
              <value>
                <![CDATA[13875416254]]>
              </value>
            </param>
            <param index="34">
              <value>
                <![CDATA[陈驰]]>
              </value>
            </param>
            <param index="35">
              <value>
                <![CDATA[13545875452]]>
              </value>
            </param>
          </params>
          <reporter-output>
          </reporter-output>
        </test-method> <!-- FillInInformation -->
        <test-method status="PASS" signature="afterMethod()[pri:0, instance:tfs_package.CustomerInformation@1fabad8]" name="afterMethod" is-config="true" duration-ms="3000" started-at="2016-09-22T17:41:25Z" finished-at="2016-09-22T17:41:28Z">
          <reporter-output>
          </reporter-output>
        </test-method> <!-- afterMethod -->
        <test-method status="PASS" signature="afterTest()[pri:0, instance:tfs_package.CustomerInformation@1fabad8]" name="afterTest" is-config="true" duration-ms="364" started-at="2016-09-22T17:41:28Z" finished-at="2016-09-22T17:41:29Z">
          <reporter-output>
          </reporter-output>
        </test-method> <!-- afterTest -->
      </class> <!-- tfs_package.CustomerInformation -->
    </test> <!-- CustomerInformation -->
  </suite> <!-- Default suite -->
</testng-results>
