<?xml version="1.0" encoding="UTF-8"?>
<testng-results skipped="0" failed="0" total="3" passed="3">
  <reporter-output>
  </reporter-output>
  <suite name="Default suite" duration-ms="29593" started-at="2016-09-12T09:46:47Z" finished-at="2016-09-12T09:47:16Z">
    <groups>
    </groups>
    <test name="ApplicationAssign" duration-ms="29593" started-at="2016-09-12T09:46:47Z" finished-at="2016-09-12T09:47:16Z">
      <class name="tfs_package.ApplicationAssign">
        <test-method status="PASS" signature="login(java.lang.String, java.lang.String)[pri:0, instance:tfs_package.ApplicationAssign@12c689f]" name="login" duration-ms="4344" started-at="2016-09-12T17:46:47Z" finished-at="2016-09-12T17:46:51Z">
          <params>
            <param index="0">
              <value>
                <![CDATA[XS001]]>
              </value>
            </param>
            <param index="1">
              <value>
                <![CDATA[a123456]]>
              </value>
            </param>
          </params>
          <reporter-output>
          </reporter-output>
        </test-method> <!-- login -->
        <test-method status="PASS" signature="afterMethod()[pri:0, instance:tfs_package.ApplicationAssign@12c689f]" name="afterMethod" is-config="true" duration-ms="3001" started-at="2016-09-12T17:46:51Z" finished-at="2016-09-12T17:46:54Z">
          <reporter-output>
          </reporter-output>
        </test-method> <!-- afterMethod -->
        <test-method status="PASS" signature="menu()[pri:0, instance:tfs_package.ApplicationAssign@12c689f]" name="menu" duration-ms="81" started-at="2016-09-12T17:46:54Z" depends-on-methods="tfs_package.ApplicationAssign.login" finished-at="2016-09-12T17:46:54Z">
          <reporter-output>
          </reporter-output>
        </test-method> <!-- menu -->
        <test-method status="PASS" signature="afterMethod()[pri:0, instance:tfs_package.ApplicationAssign@12c689f]" name="afterMethod" is-config="true" duration-ms="3000" started-at="2016-09-12T17:46:54Z" finished-at="2016-09-12T17:46:57Z">
          <reporter-output>
          </reporter-output>
        </test-method> <!-- afterMethod -->
        <test-method status="PASS" signature="filter()[pri:0, instance:tfs_package.ApplicationAssign@12c689f]" name="filter" duration-ms="15875" started-at="2016-09-12T17:46:57Z" depends-on-methods="tfs_package.ApplicationAssign.menu" finished-at="2016-09-12T17:47:13Z">
          <reporter-output>
          </reporter-output>
        </test-method> <!-- filter -->
        <test-method status="PASS" signature="afterMethod()[pri:0, instance:tfs_package.ApplicationAssign@12c689f]" name="afterMethod" is-config="true" duration-ms="3000" started-at="2016-09-12T17:47:13Z" finished-at="2016-09-12T17:47:16Z">
          <reporter-output>
          </reporter-output>
        </test-method> <!-- afterMethod -->
        <test-method status="PASS" signature="afterTest()[pri:0, instance:tfs_package.ApplicationAssign@12c689f]" name="afterTest" is-config="true" duration-ms="280" started-at="2016-09-12T17:47:16Z" finished-at="2016-09-12T17:47:16Z">
          <reporter-output>
          </reporter-output>
        </test-method> <!-- afterTest -->
      </class> <!-- tfs_package.ApplicationAssign -->
    </test> <!-- ApplicationAssign -->
  </suite> <!-- Default suite -->
</testng-results>
